TN:
SF:src/modules/appointments/services/CreateAppointmentService.ts
FN:19,(anonymous_18)
FN:20,CreateAppointmentService
FN:25,(anonymous_20)
FNF:3
FNH:3
FNDA:1,(anonymous_18)
FNDA:2,CreateAppointmentService
FNDA:3,(anonymous_20)
DA:1,1
DA:2,1
DA:4,1
DA:19,1
DA:22,2
DA:25,3
DA:26,3
DA:28,3
DA:32,3
DA:33,1
DA:36,2
DA:41,2
DA:43,1
DA:45,1
LF:14
LH:14
BRDA:32,0,0,1
BRDA:32,0,1,2
BRF:2
BRH:2
end_of_record
TN:
SF:src/modules/users/services/AuthenticateUserService.ts
FN:23,(anonymous_18)
FN:24,AuthenticateUserService
FN:32,(anonymous_20)
FNF:3
FNH:3
FNDA:1,(anonymous_18)
FNDA:1,AuthenticateUserService
FNDA:1,(anonymous_20)
DA:1,1
DA:2,1
DA:3,1
DA:5,1
DA:23,1
DA:26,1
DA:29,1
DA:32,1
DA:33,1
DA:35,1
DA:36,0
DA:42,1
DA:47,1
DA:48,0
DA:51,1
DA:53,1
DA:58,1
DA:63,1
LF:18
LH:16
BRDA:33,0,0,1
BRDA:35,1,0,0
BRDA:35,1,1,1
BRDA:47,2,0,0
BRDA:47,2,1,1
BRF:5
BRH:3
end_of_record
TN:
SF:src/modules/users/services/CreateUserService.ts
FN:17,(anonymous_18)
FN:18,CreateUserService
FN:26,(anonymous_20)
FNF:3
FNH:3
FNDA:2,(anonymous_18)
FNDA:3,CreateUserService
FNDA:4,(anonymous_20)
DA:1,2
DA:2,2
DA:17,2
DA:20,3
DA:23,3
DA:26,4
DA:27,4
DA:29,4
DA:30,1
DA:33,3
DA:35,3
DA:41,3
DA:43,2
LF:13
LH:13
BRDA:27,0,0,4
BRDA:29,1,0,1
BRDA:29,1,1,3
BRF:3
BRH:3
end_of_record
TN:
SF:src/modules/users/services/UpdateUserAvatarService.ts
FN:17,(anonymous_18)
FN:18,UpdateUserAvatarService
FN:23,(anonymous_20)
FNF:3
FNH:0
FNDA:0,(anonymous_18)
FNDA:0,UpdateUserAvatarService
FNDA:0,(anonymous_20)
DA:1,0
DA:2,0
DA:3,0
DA:4,0
DA:5,0
DA:17,0
DA:20,0
DA:23,0
DA:24,0
DA:26,0
DA:27,0
DA:30,0
DA:33,0
DA:34,0
DA:36,0
DA:37,0
DA:40,0
DA:42,0
DA:44,0
DA:46,0
DA:48,0
DA:50,0
LF:22
LH:0
BRDA:24,0,0,0
BRDA:26,1,0,0
BRDA:26,1,1,0
BRDA:30,2,0,0
BRDA:30,2,1,0
BRDA:36,3,0,0
BRDA:36,3,1,0
BRF:7
BRH:0
end_of_record
